
/home/runner/work/exp-plug-flow-reactor-nitk/exp-plug-flow-reactor-nitk/experiment/simulation/js/dpi.js
  39:5  error  Parsing error: Identifier 'canvas' has already been declared

/home/runner/work/exp-plug-flow-reactor-nitk/exp-plug-flow-reactor-nitk/experiment/simulation/js/jquery-3.6.0.js
     17:44  warning  'module' is not defined                                                    no-undef
     25:5   warning  'module' is not defined                                                    no-undef
    142:13  warning  'Symbol' is already defined as a built-in global variable                  no-redeclare
    717:22  warning  Unexpected control character(s) in regular expression: \x1f, \x1f          no-control-regex
    779:50  warning  Empty block statement                                                      no-empty
   2185:38  warning  Do not access Object.prototype method 'hasOwnProperty' from target object  no-prototype-builtins
   3205:16  warning  Unnecessary escape character: \/                                           no-useless-escape
   3507:52  warning  Empty block statement                                                      no-empty
   4584:21  warning  Empty block statement                                                      no-empty
   5051:28  warning  Unnecessary escape character: \/                                           no-useless-escape
   5268:19  warning  Empty block statement                                                      no-empty
   6564:25  warning  Empty block statement                                                      no-empty
   9171:17  warning  Empty block statement                                                      no-empty
   9819:28  warning  'urlAnchor.href' is assigned to itself                                     no-self-assign
  10269:17  warning  Empty block statement                                                      no-empty
  11162:39  warning  'define' is not defined                                                    no-undef
  11163:5   warning  'define' is not defined                                                    no-undef

/home/runner/work/exp-plug-flow-reactor-nitk/exp-plug-flow-reactor-nitk/experiment/simulation/js/jquery.ui.touch-punch.js
  174:4  warning  'jQuery' is not defined  no-undef

/home/runner/work/exp-plug-flow-reactor-nitk/exp-plug-flow-reactor-nitk/experiment/simulation/js/jquery.ui.touch-punch.min.js
  81:4  warning  'jQuery' is not defined  no-undef

/home/runner/work/exp-plug-flow-reactor-nitk/exp-plug-flow-reactor-nitk/experiment/simulation/js/jquerymin.js
  2:71     warning  'module' is not defined                                                    no-undef
  2:86     warning  'module' is not defined                                                    no-undef
  2:863    warning  'b' is assigned a value but never used                                     no-unused-vars
  2:3050   warning  'r' is assigned a value but never used                                     no-unused-vars
  2:5376   warning  Unexpected control character(s) in regular expression: \x1f, \x1f          no-control-regex
  2:5847   warning  Expected a conditional expression and instead saw an assignment            no-cond-assign
  2:6101   warning  Expected a conditional expression and instead saw an assignment            no-cond-assign
  2:6532   warning  Expected a conditional expression and instead saw an assignment            no-cond-assign
  2:6758   warning  Empty block statement                                                      no-empty
  2:7320   warning  Expected a conditional expression and instead saw an assignment            no-cond-assign
  2:9378   warning  Expected a conditional expression and instead saw an assignment            no-cond-assign
  2:9688   warning  Expected a conditional expression and instead saw an assignment            no-cond-assign
  2:11489  warning  Expected a conditional expression and instead saw an assignment            no-cond-assign
  2:12064  warning  Expected a conditional expression and instead saw an assignment            no-cond-assign
  2:12102  warning  Expected a conditional expression and instead saw an assignment            no-cond-assign
  2:12520  warning  Empty block statement                                                      no-empty
  2:13134  warning  Expected a conditional expression and instead saw an assignment            no-cond-assign
  2:13446  warning  Expected a conditional expression and instead saw an assignment            no-cond-assign
  2:15271  warning  Expected a conditional expression and instead saw an assignment            no-cond-assign
  2:15542  warning  Expected a conditional expression and instead saw an assignment            no-cond-assign
  2:15740  warning  Expected a conditional expression and instead saw an assignment            no-cond-assign
  2:16114  warning  Do not access Object.prototype method 'hasOwnProperty' from target object  no-prototype-builtins
  2:16815  warning  Expected a conditional expression and instead saw an assignment            no-cond-assign
  2:19155  warning  Expected a conditional expression and instead saw an assignment            no-cond-assign
  2:19255  warning  Expected a conditional expression and instead saw an assignment            no-cond-assign
  2:19315  warning  Expected a conditional expression and instead saw an assignment            no-cond-assign
  2:20674  warning  Expected a conditional expression and instead saw an assignment            no-cond-assign
  2:21288  warning  Expected a conditional expression and instead saw an assignment            no-cond-assign
  2:21399  warning  Expected a conditional expression and instead saw an assignment            no-cond-assign
  2:23719  warning  Unnecessary escape character: \/                                           no-useless-escape
  2:33344  warning  Empty block statement                                                      no-empty
  2:37050  warning  Unnecessary escape character: \/                                           no-useless-escape
  2:38265  warning  Expected a conditional expression and instead saw an assignment            no-cond-assign
  2:38405  warning  Expected a conditional expression and instead saw an assignment            no-cond-assign
  2:39039  warning  Empty block statement                                                      no-empty
  2:45778  warning  Unnecessary escape character: \/                                           no-useless-escape
  2:48087  warning  Expected a conditional expression and instead saw an assignment            no-cond-assign
  2:49647  warning  Empty block statement                                                      no-empty
  2:57298  warning  Expected a conditional expression and instead saw an assignment            no-cond-assign
  2:59847  warning  Expected a conditional expression and instead saw an assignment            no-cond-assign
  2:64132  warning  Expected a conditional expression and instead saw an assignment            no-cond-assign
  2:65877  warning  Expected a conditional expression and instead saw an assignment            no-cond-assign
  2:65943  warning  Expected a conditional expression and instead saw an assignment            no-cond-assign
  2:66247  warning  Expected a conditional expression and instead saw an assignment            no-cond-assign
  2:66313  warning  Expected a conditional expression and instead saw an assignment            no-cond-assign
  2:66720  warning  Expected a conditional expression and instead saw an assignment            no-cond-assign
  2:66997  warning  Expected a conditional expression and instead saw an assignment            no-cond-assign
  2:72432  warning  Expected a conditional expression and instead saw an assignment            no-cond-assign
  2:74924  warning  Expected a conditional expression and instead saw an assignment            no-cond-assign
  2:75645  warning  'l.href' is assigned to itself                                             no-self-assign
  2:79204  warning  Empty block statement                                                      no-empty
  2:83243  warning  Expected a conditional expression and instead saw an assignment            no-cond-assign
  2:83243  warning  'l' is assigned a value but never used                                     no-unused-vars
  2:86651  warning  'define' is not defined                                                    no-undef
  2:86663  warning  'define' is not defined                                                    no-undef

/home/runner/work/exp-plug-flow-reactor-nitk/exp-plug-flow-reactor-nitk/experiment/simulation/js/propeller.min.js
  431:5   warning  '$' is not defined  no-undef
  432:5   warning  '$' is not defined  no-undef
  434:5   warning  '$' is not defined  no-undef
  436:14  warning  '$' is not defined  no-undef
  438:11  warning  '$' is not defined  no-undef
  439:11  warning  '$' is not defined  no-undef

/home/runner/work/exp-plug-flow-reactor-nitk/exp-plug-flow-reactor-nitk/experiment/simulation/js/sgca.js
     3:5   warning  'totVol' is assigned a value but never used         no-unused-vars
     6:3   warning  'setTemp' is assigned a value but never used        no-unused-vars
     8:7   warning  'e' is assigned a value but never used              no-unused-vars
     8:11  warning  This number literal will lose precision at runtime  no-loss-of-precision
    11:5   warning  'settop' is assigned a value but never used         no-unused-vars
    12:5   warning  'oldAngle' is assigned a value but never used       no-unused-vars
    15:5   warning  'liquidPos' is assigned a value but never used      no-unused-vars
    20:5   warning  'naohEthyleSet' is assigned a value but never used  no-unused-vars
    30:5   warning  'oldCond' is assigned a value but never used        no-unused-vars
    33:5   warning  'CaO' is assigned a value but never used            no-unused-vars
    34:5   warning  'CbO' is assigned a value but never used            no-unused-vars
    35:5   warning  'molRatio' is assigned a value but never used       no-unused-vars
   113:10  warning  'goToStart' is defined but never used               no-unused-vars
   157:10  warning  'changeOriginal' is defined but never used          no-unused-vars
   165:8   warning  'temp' is not defined                               no-undef
   165:18  warning  'temp' is not defined                               no-undef
   165:29  warning  'temp' is not defined                               no-undef
   166:40  warning  'temp' is not defined                               no-undef
   168:3   warning  'simsubscreennum' is not defined                    no-undef
   169:38  warning  'simsubscreennum' is not defined                    no-undef
   174:10  warning  'navNext' is defined but never used                 no-unused-vars
   175:8   warning  'temp' is not defined                               no-undef
   175:18  warning  'temp' is not defined                               no-undef
   175:29  warning  'temp' is not defined                               no-undef
   176:40  warning  'temp' is not defined                               no-undef
   179:3   warning  'simsubscreennum' is not defined                    no-undef
   180:38  warning  'simsubscreennum' is not defined                    no-undef
   188:10  warning  'animatearrow' is defined but never used            no-unused-vars
   195:10  warning  'myStopFunction' is defined but never used          no-unused-vars
   196:17  warning  'myInt' is not defined                              no-undef
   217:7   warning  'simsubscreennum' is not defined                    no-undef
   226:12  warning  'simsubscreennum' is not defined                    no-undef
   276:12  warning  'simsubscreennum' is not defined                    no-undef
   298:12  warning  'simsubscreennum' is not defined                    no-undef
   408:12  warning  'simsubscreennum' is not defined                    no-undef
   427:8   warning  'temp' is not defined                               no-undef
   427:18  warning  'temp' is not defined                               no-undef
   427:29  warning  'temp' is not defined                               no-undef
   428:40  warning  'temp' is not defined                               no-undef
   430:3   warning  'simsubscreennum' is not defined                    no-undef
   431:38  warning  'simsubscreennum' is not defined                    no-undef
   483:10  warning  'mclose' is defined but never used                  no-unused-vars
   488:10  warning  'mclose1' is defined but never used                 no-unused-vars
   501:10  warning  'showObservation' is defined but never used         no-unused-vars
   524:8   warning  'temp' is not defined                               no-undef
   524:18  warning  'temp' is not defined                               no-undef
   524:29  warning  'temp' is not defined                               no-undef
   525:40  warning  'temp' is not defined                               no-undef
   527:3   warning  'simsubscreennum' is not defined                    no-undef
   528:38  warning  'simsubscreennum' is not defined                    no-undef
   554:8   warning  'temp' is not defined                               no-undef
   554:18  warning  'temp' is not defined                               no-undef
   554:29  warning  'temp' is not defined                               no-undef
   555:40  warning  'temp' is not defined                               no-undef
   557:3   warning  'simsubscreennum' is not defined                    no-undef
   558:38  warning  'simsubscreennum' is not defined                    no-undef
   577:7   warning  'resetClicked' is not defined                       no-undef
   608:10  warning  'clearTable' is defined but never used              no-unused-vars
   621:10  warning  'emailSend' is defined but never used               no-unused-vars
   629:10  warning  'sendEmail' is defined but never used               no-unused-vars
   632:3   warning  'emidlen' is not defined                            no-undef
   634:7   warning  'emidlen' is not defined                            no-undef
   643:10  warning  'i' is not defined                                  no-undef
   643:17  warning  'i' is not defined                                  no-undef
   643:40  warning  'i' is not defined                                  no-undef
   645:38  warning  'i' is not defined                                  no-undef
   649:9   warning  'info' is not defined                               no-undef
   650:11  warning  'info' is not defined                               no-undef
   652:7   warning  'info' is not defined                               no-undef
   652:24  warning  'info' is not defined                               no-undef
   666:10  warning  'setemail' is defined but never used                no-unused-vars
   671:10  warning  'remSelRead' is defined but never used              no-unused-vars
   686:8   warning  'i' is not defined                                  no-undef
   686:15  warning  'i' is not defined                                  no-undef
   686:37  warning  'i' is not defined                                  no-undef
   687:15  warning  'i' is not defined                                  no-undef
   698:8   warning  'temp' is not defined                               no-undef
   698:18  warning  'temp' is not defined                               no-undef
   698:29  warning  'temp' is not defined                               no-undef
   699:40  warning  'temp' is not defined                               no-undef
   701:3   warning  'simsubscreennum' is not defined                    no-undef
   702:38  warning  'simsubscreennum' is not defined                    no-undef
   735:8   warning  'temp' is not defined                               no-undef
   735:18  warning  'temp' is not defined                               no-undef
   735:29  warning  'temp' is not defined                               no-undef
   736:40  warning  'temp' is not defined                               no-undef
   738:3   warning  'simsubscreennum' is not defined                    no-undef
   739:38  warning  'simsubscreennum' is not defined                    no-undef
   747:8   warning  'temp' is not defined                               no-undef
   747:18  warning  'temp' is not defined                               no-undef
   747:29  warning  'temp' is not defined                               no-undef
   748:40  warning  'temp' is not defined                               no-undef
   750:3   warning  'simsubscreennum' is not defined                    no-undef
   751:38  warning  'simsubscreennum' is not defined                    no-undef
   769:8   warning  'temp' is not defined                               no-undef
   769:18  warning  'temp' is not defined                               no-undef
   769:29  warning  'temp' is not defined                               no-undef
   770:40  warning  'temp' is not defined                               no-undef
   772:3   warning  'simsubscreennum' is not defined                    no-undef
   773:38  warning  'simsubscreennum' is not defined                    no-undef
   835:10  warning  'selectAction' is defined but never used            no-unused-vars
   838:3   warning  'simsubscreennum' is not defined                    no-undef
   845:10  warning  'setMLone' is defined but never used                no-unused-vars
   850:5   warning  'secondML' is assigned a value but never used       no-unused-vars
   852:10  warning  'setMLtwo' is defined but never used                no-unused-vars
   857:10  warning  'gotoObservation' is defined but never used         no-unused-vars
   895:3   warning  'simsubscreennum' is not defined                    no-undef
   898:38  warning  'simsubscreennum' is not defined                    no-undef
   910:10  warning  'setEvalSets' is defined but never used             no-unused-vars
   937:10  warning  'evaluateConfig' is defined but never used          no-unused-vars
   949:5   warning  'lpm' is not defined                                no-undef
   950:5   warning  'pres' is not defined                               no-undef
   951:5   warning  'reyn' is not defined                               no-undef
   952:5   warning  'fric' is not defined                               no-undef
   954:5   warning  'presInMeter' is not defined                        no-undef
   954:19  warning  'pres' is not defined                               no-undef
   955:9   warning  'processFluidEval' is not defined                   no-undef
   956:7   warning  'den' is not defined                                no-undef
   958:7   warning  'visco' is not defined                              no-undef
   959:16  warning  'processFluidEval' is not defined                   no-undef
   960:7   warning  'den' is not defined                                no-undef
   962:7   warning  'visco' is not defined                              no-undef
   964:5   warning  'diaMeter' is not defined                           no-undef
   964:16  warning  'chosenPipeDiaEval' is not defined                  no-undef
   968:5   warning  'lpmConvVelocity' is not defined                    no-undef
   969:8   warning  'lpm' is not defined                                no-undef
   969:35  warning  'diaMeter' is not defined                           no-undef
   969:52  warning  'diaMeter' is not defined                           no-undef
   971:5   warning  'calculatedReyn' is not defined                     no-undef
   971:23  warning  'den' is not defined                                no-undef
   971:29  warning  'diaMeter' is not defined                           no-undef
   971:40  warning  'lpmConvVelocity' is not defined                    no-undef
   971:59  warning  'visco' is not defined                              no-undef
   972:5   warning  'calculatedReyn' is not defined                     no-undef
   972:22  warning  'calculatedReyn' is not defined                     no-undef
   978:9   warning  'manoFluidEval' is not defined                      no-undef
   979:7   warning  'denMano' is not defined                            no-undef
   980:16  warning  'manoFluidEval' is not defined                      no-undef
   981:7   warning  'denMano' is not defined                            no-undef
   986:5   warning  'hf' is not defined                                 no-undef
   986:12  warning  'denMano' is not defined                            no-undef
   986:22  warning  'den' is not defined                                no-undef
   986:29  warning  'presInMeter' is not defined                        no-undef
   986:44  warning  'den' is not defined                                no-undef
   991:5   warning  'calculatedFricFact' is not defined                 no-undef
   992:18  warning  'diaMeter' is not defined                           no-undef
   992:29  warning  'hf' is not defined                                 no-undef
   993:12  warning  'pipeLengthEval' is not defined                     no-undef
   993:29  warning  'lpmConvVelocity' is not defined                    no-undef
   993:47  warning  'lpmConvVelocity' is not defined                    no-undef
   994:5   warning  'calculatedFricFact' is not defined                 no-undef
   994:26  warning  'calculatedFricFact' is not defined                 no-undef
   995:5   warning  'calculatedFricFact' is not defined                 no-undef
   995:26  warning  'calculatedFricFact' is not defined                 no-undef
  1003:11  warning  'rowCountPost' is assigned a value but never used   no-unused-vars
  1029:25  warning  'calculatedReyn' is not defined                     no-undef
  1030:26  warning  'calculatedFricFact' is not defined                 no-undef
  1035:1   warning  '$' is not defined                                  no-undef
  1038:3   warning  '$' is not defined                                  no-undef
  1063:1   warning  Mixed spaces and tabs                               no-mixed-spaces-and-tabs
  1067:3   warning  '$' is not defined                                  no-undef
  1128:10  warning  'rangeSlideEthyl' is defined but never used         no-unused-vars
  1128:26  warning  'value' is defined but never used                   no-unused-vars
  1134:10  warning  'rangeSlideNaOH' is defined but never used          no-unused-vars
  1134:25  warning  'value' is defined but never used                   no-unused-vars
  1150:27  warning  This number literal will lose precision at runtime  no-loss-of-precision
  1154:2   warning  'Cao' is not defined                                no-undef
  1155:2   warning  'Cbo' is not defined                                no-undef
  1157:7   warning  This number literal will lose precision at runtime  no-loss-of-precision
  1157:52  warning  'Cao' is not defined                                no-undef
  1164:13  warning  'Cao' is not defined                                no-undef
  1164:27  warning  'Cao' is not defined                                no-undef
  1166:7   warning  'Cao' is not defined                                no-undef
  1167:12  warning  'Cao' is not defined                                no-undef
  1167:18  warning  'Cbo' is not defined                                no-undef
  1178:9   warning  'Cao' is not defined                                no-undef
  1179:9   warning  'Cbo' is not defined                                no-undef
  1189:20  warning  'tableArray' is assigned a value but never used     no-unused-vars
  1245:10  warning  'checkForError' is defined but never used           no-unused-vars
  1255:2   warning  '$' is not defined                                  no-undef
  1258:5   warning  '$' is not defined                                  no-undef
  1263:10  warning  'restartExperiment' is defined but never used       no-unused-vars
  1269:3   warning  'resetClicked' is not defined                       no-undef
  1272:10  warning  'hideSomeApparatus' is defined but never used       no-unused-vars
  1282:10  warning  'evaluateEntries' is defined but never used         no-unused-vars
  1312:5   warning  '$' is not defined                                  no-undef
  1315:11  warning  '$' is not defined                                  no-undef
  1319:40  warning  This number literal will lose precision at runtime  no-loss-of-precision
  1322:5   warning  '$' is not defined                                  no-undef
  1325:11  warning  '$' is not defined                                  no-undef
  1330:10  warning  'clearEvalReadings' is defined but never used       no-unused-vars
  1336:10  warning  'showFirstScreen' is defined but never used         no-unused-vars

✖ 273 problems (1 error, 272 warnings)

